<?xml version="1.0" encoding="UTF-8"?>
<!-- Generated by org.testng.reporters.JUnitReportReporter -->
<testsuite hostname="LAPTOP-84D7O3F5" failures="0" tests="4" name="com.qa.db.automation.DB_Test" time="0.211" errors="0" timestamp="2022-08-22T17:13:26 IST" skipped="0">
  <testcase classname="com.qa.db.automation.DB_Test" name="updateTableData" time="0.061"/>
  <system-out/>
  <testcase classname="com.qa.db.automation.DB_Test" name="insertData" time="0.048"/>
  <system-out/>
  <testcase classname="com.qa.db.automation.DB_Test" name="getTableData" time="0.028"/>
  <system-out/>
  <testcase classname="com.qa.db.automation.DB_Test" name="deleteTaleData" time="0.074"/>
  <system-out/>
</testsuite> <!-- com.qa.db.automation.DB_Test -->
